<?xml version="1.0" encoding="UTF-8"?>
<TestRun id="fb81daaa-6a2c-4cfe-9839-3641ba98f9cb" name="Sem@DESKTOP-PPD3KD3 2018-04-09 00:14:52" runUser="DESKTOP-PPD3KD3\Sem" xmlns="http://microsoft.com/schemas/VisualStudio/TeamTest/2010">
  <TestSettings name="Default Test Settings" id="d402f045-b75d-440e-9de7-73f3045270a3">
    <Execution>
      <TestTypeSpecific />
      <AgentRule name="Execution Agents">
      </AgentRule>
    </Execution>
    <Deployment runDeploymentRoot="Sem_DESKTOP-PPD3KD3 2018-04-09 00_14_52" />
    <Properties />
  </TestSettings>
  <Times creation="2018-04-09T00:14:52.7932989-07:00" queuing="2018-04-09T00:14:58.2440498-07:00" start="2018-04-09T00:14:58.7292964-07:00" finish="2018-04-09T00:15:01.0312278-07:00" />
  <ResultSummary outcome="Failed">
    <Counters total="1" executed="1" error="0" failed="1" timeout="0" aborted="0" inconclusive="0" passedButRunAborted="0" notRunnable="0" notExecuted="0" disconnected="0" warning="0" passed="0" completed="0" inProgress="0" pending="0" />
  </ResultSummary>
  <TestDefinitions>
    <UnitTest name="TestMethod1" storage="seleniumtest\bin\debug\seleniumtest.dll" id="cf368e27-4c70-391f-b0f8-9178cc496249">
      <Execution id="97087bf9-b365-4387-ae05-3ac6dbb36728" />
      <TestMethod codeBase="C:/Users/Sem/Desktop/GitRepo/SeleniumTest/SeleniumTest/bin/Debug/SeleniumTest.DLL" adapterTypeName="Microsoft.VisualStudio.TestTools.TestTypes.Unit.UnitTestAdapter, Microsoft.VisualStudio.QualityTools.Tips.UnitTest.Adapter, Version=14.0.0.0, Culture=neutral, PublicKeyToken=b03f5f7f11d50a3a" className="SeleniumTest.UnitTest1, SeleniumTest, Version=1.0.0.0, Culture=neutral, PublicKeyToken=null" name="TestMethod1" />
    </UnitTest>
  </TestDefinitions>
  <TestLists>
    <TestList name="Results Not in a List" id="8c84fa94-04c1-424b-9868-57a2d4851a1d" />
    <TestList name="All Loaded Results" id="19431567-8539-422a-85d7-44ee4e166bda" />
  </TestLists>
  <TestEntries>
    <TestEntry testId="cf368e27-4c70-391f-b0f8-9178cc496249" executionId="97087bf9-b365-4387-ae05-3ac6dbb36728" testListId="8c84fa94-04c1-424b-9868-57a2d4851a1d" />
  </TestEntries>
  <Results>
    <UnitTestResult executionId="97087bf9-b365-4387-ae05-3ac6dbb36728" testId="cf368e27-4c70-391f-b0f8-9178cc496249" testName="TestMethod1" computerName="DESKTOP-PPD3KD3" duration="00:00:00.2447716" startTime="2018-04-09T00:14:59.3630263-07:00" endTime="2018-04-09T00:15:00.2639332-07:00" testType="13cdc9d9-ddb5-4fa4-a97d-d965ccfc6d4b" outcome="Failed" testListId="8c84fa94-04c1-424b-9868-57a2d4851a1d" relativeResultsDirectory="97087bf9-b365-4387-ae05-3ac6dbb36728">
      <Output>
        <ErrorInfo>
          <Message>Test method SeleniumTest.UnitTest1.TestMethod1 threw exception: 
OpenQA.Selenium.DriverServiceNotFoundException: The chromedriver.exe file does not exist in the current directory or in a directory on the PATH environment variable. The driver can be downloaded at http://chromedriver.storage.googleapis.com/index.html.</Message>
          <StackTrace>    at OpenQA.Selenium.DriverService.FindDriverServiceExecutable(String executableName, Uri downloadUrl)
   at OpenQA.Selenium.Chrome.ChromeDriverService.CreateDefaultService()
   at OpenQA.Selenium.Chrome.ChromeDriver..ctor(ChromeOptions options)
   at OpenQA.Selenium.Chrome.ChromeDriver..ctor()
   at SeleniumTest.UnitTest1.TestMethod1() in c:\Users\Sem\Desktop\GitRepo\SeleniumTest\SeleniumTest\UnitTest1.cs:line 16
</StackTrace>
        </ErrorInfo>
      </Output>
    </UnitTestResult>
  </Results>
</TestRun>