<?xml version="1.0" encoding="UTF-8"?>
<TestRun id="273ab207-5a15-40b3-9e28-2173dc6e1a31" name="Sem@DESKTOP-PPD3KD3 2018-04-09 00:41:43" runUser="DESKTOP-PPD3KD3\Sem" xmlns="http://microsoft.com/schemas/VisualStudio/TeamTest/2010">
  <TestSettings name="Default Test Settings" id="2348a0aa-cf7f-48e3-b607-b8454fcf1005">
    <Execution>
      <TestTypeSpecific />
      <AgentRule name="Execution Agents">
      </AgentRule>
    </Execution>
    <Deployment runDeploymentRoot="Sem_DESKTOP-PPD3KD3 2018-04-09 00_41_43" />
    <Properties />
  </TestSettings>
  <Times creation="2018-04-09T00:41:43.6474166-07:00" queuing="2018-04-09T00:41:44.2510063-07:00" start="2018-04-09T00:41:44.4434697-07:00" finish="2018-04-09T00:41:58.8506418-07:00" />
  <ResultSummary outcome="Completed">
    <Counters total="1" executed="1" passed="1" error="0" failed="0" timeout="0" aborted="0" inconclusive="0" passedButRunAborted="0" notRunnable="0" notExecuted="0" disconnected="0" warning="0" completed="0" inProgress="0" pending="0" />
  </ResultSummary>
  <TestDefinitions>
    <UnitTest name="TestMethod1" storage="seleniumtest\bin\debug\seleniumtest.dll" id="cf368e27-4c70-391f-b0f8-9178cc496249">
      <Execution id="7d547d85-42ee-4443-8f16-5b16d9694178" />
      <TestMethod codeBase="C:/Users/Sem/Desktop/GitRepo/SeleniumTest/SeleniumTest/bin/Debug/SeleniumTest.DLL" adapterTypeName="Microsoft.VisualStudio.TestTools.TestTypes.Unit.UnitTestAdapter, Microsoft.VisualStudio.QualityTools.Tips.UnitTest.Adapter, Version=14.0.0.0, Culture=neutral, PublicKeyToken=b03f5f7f11d50a3a" className="SeleniumTest.UnitTest1, SeleniumTest, Version=1.0.0.0, Culture=neutral, PublicKeyToken=null" name="TestMethod1" />
    </UnitTest>
  </TestDefinitions>
  <TestLists>
    <TestList name="Results Not in a List" id="8c84fa94-04c1-424b-9868-57a2d4851a1d" />
    <TestList name="All Loaded Results" id="19431567-8539-422a-85d7-44ee4e166bda" />
  </TestLists>
  <TestEntries>
    <TestEntry testId="cf368e27-4c70-391f-b0f8-9178cc496249" executionId="7d547d85-42ee-4443-8f16-5b16d9694178" testListId="8c84fa94-04c1-424b-9868-57a2d4851a1d" />
  </TestEntries>
  <Results>
    <UnitTestResult executionId="7d547d85-42ee-4443-8f16-5b16d9694178" testId="cf368e27-4c70-391f-b0f8-9178cc496249" testName="TestMethod1" computerName="DESKTOP-PPD3KD3" duration="00:00:13.8851206" startTime="2018-04-09T00:41:44.5016892-07:00" endTime="2018-04-09T00:41:58.6972264-07:00" testType="13cdc9d9-ddb5-4fa4-a97d-d965ccfc6d4b" outcome="Passed" testListId="8c84fa94-04c1-424b-9868-57a2d4851a1d" relativeResultsDirectory="7d547d85-42ee-4443-8f16-5b16d9694178">
    </UnitTestResult>
  </Results>
</TestRun>